<?xml version="1.0" encoding="UTF-8"?>
<!-- Generated by org.testng.reporters.JUnitReportReporter -->
<testsuite hostname="DESKTOP-S2QR9LR" failures="0" tests="3" name="testRunner.TestRunner" time="24.193" errors="0" timestamp="2023-07-05T17:37:59 CEST" skipped="0">
  <testcase classname="testRunner.TestRunner" name="runScenario" time="4.971"/>
  <system-out/>
  <testcase classname="testRunner.TestRunner" name="runScenario" time="3.108"/>
  <system-out/>
  <testcase classname="testRunner.TestRunner" name="runScenario" time="16.114"/>
  <system-out/>
</testsuite> <!-- testRunner.TestRunner -->
