<?xml version="1.0" encoding="UTF-8"?>
<!-- Generated by org.testng.reporters.JUnitReportReporter -->
<testsuite hostname="DESKTOP-S2QR9LR" failures="0" tests="1" name="testRunner.ReportTestRunner" time="25.262" errors="0" timestamp="2023-07-13T15:45:11 CEST" skipped="0">
  <testcase classname="testRunner.ReportTestRunner" name="runScenario" time="25.262"/>
  <system-out/>
</testsuite> <!-- testRunner.ReportTestRunner -->
