<?xml version="1.0" encoding="UTF-8"?>
<!-- Generated by org.testng.reporters.JUnitReportReporter -->
<testsuite hostname="DESKTOP-S2QR9LR" failures="0" tests="3" name="testRunner.TestRunner" time="25.228" errors="0" timestamp="2023-07-05T17:35:36 CEST" skipped="0">
  <testcase classname="testRunner.TestRunner" name="runScenario" time="3.499"/>
  <system-out/>
  <testcase classname="testRunner.TestRunner" name="runScenario" time="6.148"/>
  <system-out/>
  <testcase classname="testRunner.TestRunner" name="runScenario" time="15.581"/>
  <system-out/>
</testsuite> <!-- testRunner.TestRunner -->
