<?xml version="1.0" encoding="UTF-8"?>
<!-- Generated by org.testng.reporters.JUnitReportReporter -->
<testsuite hostname="DESKTOP-S2QR9LR" failures="0" tests="3" name="testRunner.ReportTestRunner" time="24.435" errors="0" timestamp="2023-07-05T17:10:24 CEST" skipped="0">
  <testcase classname="testRunner.ReportTestRunner" name="runScenario" time="16.474"/>
  <system-out/>
  <testcase classname="testRunner.ReportTestRunner" name="runScenario" time="2.932"/>
  <system-out/>
  <testcase classname="testRunner.ReportTestRunner" name="runScenario" time="5.029"/>
  <system-out/>
</testsuite> <!-- testRunner.ReportTestRunner -->
